<?xml version="1.0" encoding="UTF-8"?>
<Site BuildName="Linux-c++"
	BuildStamp="20240321-0656-Experimental"
	Name="joel"
	Generator="ctest-3.20.0"
	CompilerName="/usr/bin/c++"
	CompilerVersion="11.4.0"
	OSName="Linux"
	Hostname="joel"
	OSRelease="6.5.0-26-generic"
	OSVersion="#26~22.04.1-Ubuntu SMP PREEMPT_DYNAMIC Tue Mar 12 10:22:43 UTC 2"
	OSPlatform="x86_64"
	Is64Bits="1"
	VendorString="GenuineIntel"
	VendorID="Intel Corporation"
	FamilyID="6"
	ModelID="154"
	ProcessorCacheSize="12288"
	NumberOfLogicalCPU="12"
	NumberOfPhysicalCPU="10"
	TotalVirtualMemory="2047"
	TotalPhysicalMemory="15619"
	LogicalProcessorsPerPhysical="1"
	ProcessorClockFrequency="924.156"
	>
	<Testing>
		<StartDateTime>Mar 21 12:54 CET</StartDateTime>
		<StartTestTime>1711022081</StartTestTime>
		<TestList/>
		<EndDateTime>Mar 21 12:54 CET</EndDateTime>
		<EndTestTime>1711022081</EndTestTime>
		<ElapsedMinutes>0</ElapsedMinutes>
	</Testing>
</Site>
