<?xml version="1.0" encoding="UTF-8"?>
<Site BuildName="Linux-c++"
	BuildStamp="20240506-1045-Experimental"
	Name="joel"
	Generator="ctest-3.20.0"
	CompilerName="/usr/bin/c++"
	CompilerVersion="11.4.0"
	OSName="Linux"
	Hostname="joel"
	OSRelease="6.5.0-28-generic"
	OSVersion="#29~22.04.1-Ubuntu SMP PREEMPT_DYNAMIC Thu Apr  4 14:39:20 UTC 2"
	OSPlatform="x86_64"
	Is64Bits="1"
	VendorString="GenuineIntel"
	VendorID="Intel Corporation"
	FamilyID="6"
	ModelID="154"
	ProcessorCacheSize="12288"
	NumberOfLogicalCPU="12"
	NumberOfPhysicalCPU="10"
	TotalVirtualMemory="2047"
	TotalPhysicalMemory="15619"
	LogicalProcessorsPerPhysical="1"
	ProcessorClockFrequency="998.401"
	>
	<Testing>
		<StartDateTime>May 06 12:45 CEST</StartDateTime>
		<StartTestTime>1714992315</StartTestTime>
		<TestList/>
		<EndDateTime>May 06 12:45 CEST</EndDateTime>
		<EndTestTime>1714992315</EndTestTime>
		<ElapsedMinutes>0</ElapsedMinutes>
	</Testing>
</Site>
