<?xml version="1.0" encoding="UTF-8"?>
<Site BuildName="Linux-c++"
	BuildStamp="20240304-1118-Experimental"
	Name="joel"
	Generator="ctest-3.20.0"
	CompilerName="/usr/bin/c++"
	CompilerVersion="11.4.0"
	OSName="Linux"
	Hostname="joel"
	OSRelease="6.5.0-21-generic"
	OSVersion="#21~22.04.1-Ubuntu SMP PREEMPT_DYNAMIC Fri Feb  9 13:32:52 UTC 2"
	OSPlatform="x86_64"
	Is64Bits="1"
	VendorString="GenuineIntel"
	VendorID="Intel Corporation"
	FamilyID="6"
	ModelID="154"
	ProcessorCacheSize="12288"
	NumberOfLogicalCPU="12"
	NumberOfPhysicalCPU="10"
	TotalVirtualMemory="2047"
	TotalPhysicalMemory="15619"
	LogicalProcessorsPerPhysical="1"
	ProcessorClockFrequency="1203.06"
	>
	<Testing>
		<StartDateTime>Mar 04 12:18 CET</StartDateTime>
		<StartTestTime>1709551092</StartTestTime>
		<TestList/>
		<EndDateTime>Mar 04 12:18 CET</EndDateTime>
		<EndTestTime>1709551092</EndTestTime>
		<ElapsedMinutes>0</ElapsedMinutes>
	</Testing>
</Site>
